<?xml version="1.0" encoding="UTF-8"?>
<!-- Generated by org.testng.reporters.JUnitReportReporter -->
<testsuite hostname="Haribhau" failures="0" tests="1" name="test_class.PatchTc1" time="2.304" errors="0" timestamp="2023-04-05T12:08:20 IST" skipped="0">
  <testcase classname="test_class.PatchTc1" name="orchestrator" time="2.304"/>
  <system-out/>
</testsuite> <!-- test_class.PatchTc1 -->
