<?xml version="1.0" encoding="UTF-8"?>
<!-- Generated by org.testng.reporters.JUnitReportReporter -->
<testsuite hostname="Haribhau" failures="0" tests="1" name="test_class.PostTc1" time="4.199" errors="0" timestamp="2023-04-05T12:08:20 IST" skipped="0">
  <testcase classname="test_class.PostTc1" name="orchestrator" time="4.199"/>
  <system-out/>
</testsuite> <!-- test_class.PostTc1 -->
