<?xml version="1.0" encoding="UTF-8"?>
<!-- Generated by org.testng.reporters.JUnitReportReporter -->
<testsuite hostname="Haribhau" failures="0" tests="1" name="test_class.GetTc1" time="1.534" errors="0" timestamp="2023-04-05T12:08:20 IST" skipped="0">
  <testcase classname="test_class.GetTc1" name="orchestrator" time="1.534"/>
  <system-out/>
</testsuite> <!-- test_class.GetTc1 -->
